0 info it worked if it ends with ok
1 verbose cli [ 'C:\\Program Files\\nodejs\\node.exe',
1 verbose cli   'C:\\Program Files\\nodejs\\node_modules\\npm\\bin\\npm-cli.js',
1 verbose cli   'run',
1 verbose cli   'test' ]
2 info using npm@3.9.5
3 info using node@v6.2.2
4 verbose run-script [ 'pretest', 'test', 'posttest' ]
5 info lifecycle tiny-entity@0.5.5~pretest: tiny-entity@0.5.5
6 silly lifecycle tiny-entity@0.5.5~pretest: no script for pretest, continuing
7 info lifecycle tiny-entity@0.5.5~test: tiny-entity@0.5.5
8 verbose lifecycle tiny-entity@0.5.5~test: unsafe-perm in lifecycle true
9 verbose lifecycle tiny-entity@0.5.5~test: PATH: C:\Users\Administrator\AppData\Roaming\nvm\v6.2.2\node_modules\npm\bin\node-gyp-bin;D:\MyProject\mlyknown\tiny-entity\node_modules\.bin;C:\Program Files\nodejs;C:\ProgramData\Oracle\Java\javapath;C:\Windows\system32;C:\Windows;C:\Windows\System32\Wbem;C:\Windows\System32\WindowsPowerShell\v1.0\;D:\web\Java\jdk1.8.0_66\bin;D:\web\Java\jdk1.8.0_66\jre\bin;D:\web\apache-maven-3.1.1\bin;C:\Python27;D:\web\wx\ADB-tools;D:\web\Git\cmd;D:\web\mongodb\bin\;C:\Ruby23-x64\bin;C:\Users\Administrator\AppData\Roaming\nvm;C:\Program Files\nodejs;C:\Program Files (x86)\Microsoft VS Code\bin;C:\Users\Administrator\AppData\Roaming\nvm;C:\Program Files\nodejs
10 verbose lifecycle tiny-entity@0.5.5~test: CWD: D:\MyProject\mlyknown\tiny-entity
11 silly lifecycle tiny-entity@0.5.5~test: Args: [ '/d /s /c', 'npm run test:mysql' ]
12 silly lifecycle tiny-entity@0.5.5~test: Returned: code: 1  signal: null
13 info lifecycle tiny-entity@0.5.5~test: Failed to exec test script
14 verbose stack Error: tiny-entity@0.5.5 test: `npm run test:mysql`
14 verbose stack Exit status 1
14 verbose stack     at EventEmitter.<anonymous> (C:\Users\Administrator\AppData\Roaming\nvm\v6.2.2\node_modules\npm\lib\utils\lifecycle.js:245:16)
14 verbose stack     at emitTwo (events.js:106:13)
14 verbose stack     at EventEmitter.emit (events.js:191:7)
14 verbose stack     at ChildProcess.<anonymous> (C:\Users\Administrator\AppData\Roaming\nvm\v6.2.2\node_modules\npm\lib\utils\spawn.js:24:14)
14 verbose stack     at emitTwo (events.js:106:13)
14 verbose stack     at ChildProcess.emit (events.js:191:7)
14 verbose stack     at maybeClose (internal/child_process.js:852:16)
14 verbose stack     at Process.ChildProcess._handle.onexit (internal/child_process.js:215:5)
15 verbose pkgid tiny-entity@0.5.5
16 verbose cwd D:\MyProject\mlyknown\tiny-entity
17 error Windows_NT 6.1.7601
18 error argv "C:\\Program Files\\nodejs\\node.exe" "C:\\Program Files\\nodejs\\node_modules\\npm\\bin\\npm-cli.js" "run" "test"
19 error node v6.2.2
20 error npm  v3.9.5
21 error code ELIFECYCLE
22 error tiny-entity@0.5.5 test: `npm run test:mysql`
22 error Exit status 1
23 error Failed at the tiny-entity@0.5.5 test script 'npm run test:mysql'.
23 error Make sure you have the latest version of node.js and npm installed.
23 error If you do, this is most likely a problem with the tiny-entity package,
23 error not with npm itself.
23 error Tell the author that this fails on your system:
23 error     npm run test:mysql
23 error You can get information on how to open an issue for this project with:
23 error     npm bugs tiny-entity
23 error Or if that isn't available, you can get their info via:
23 error     npm owner ls tiny-entity
23 error There is likely additional logging output above.
24 verbose exit [ 1, true ]
